2023-12-21 01:26:21,308:INFO: -------- Dataset Build! --------
2023-12-21 01:26:21,309:INFO: -------- Get Dataloader! --------
2023-12-21 01:34:59,031:INFO: Epoch: 1, loss: 7.879711627960205
2023-12-21 01:47:47,714:INFO: Epoch: 1, Dev loss: 7.315564155578613, Bleu Score: 0.7006699165932002
2023-12-21 01:47:48,180:INFO: -------- Save Best Model! --------
2023-12-21 01:55:51,703:INFO: Epoch: 2, loss: 7.038702487945557
2023-12-21 02:06:11,450:INFO: Epoch: 2, Dev loss: 6.749294281005859, Bleu Score: 3.028565559574992
2023-12-21 02:06:11,843:INFO: -------- Save Best Model! --------
2023-12-21 02:14:38,731:INFO: Epoch: 3, loss: 6.567983150482178
2023-12-21 02:25:19,534:INFO: Epoch: 3, Dev loss: 6.339751243591309, Bleu Score: 5.008894639476631
2023-12-21 02:25:20,000:INFO: -------- Save Best Model! --------
2023-12-21 02:33:38,661:INFO: Epoch: 4, loss: 6.165362358093262
2023-12-21 02:44:37,412:INFO: Epoch: 4, Dev loss: 6.045386791229248, Bleu Score: 7.351396435285395
2023-12-21 02:44:37,919:INFO: -------- Save Best Model! --------
2023-12-21 02:53:07,020:INFO: Epoch: 5, loss: 5.881007194519043
2023-12-21 03:06:26,649:INFO: Epoch: 5, Dev loss: 5.883187770843506, Bleu Score: 8.782307804553783
2023-12-21 03:06:27,089:INFO: -------- Save Best Model! --------
2023-12-21 03:14:54,365:INFO: Epoch: 6, loss: 5.713925361633301
2023-12-21 03:26:31,419:INFO: Epoch: 6, Dev loss: 5.816267967224121, Bleu Score: 9.80360559028213
2023-12-21 03:26:31,896:INFO: -------- Save Best Model! --------
2023-12-21 03:34:56,836:INFO: Epoch: 7, loss: 5.556421279907227
2023-12-21 03:45:34,760:INFO: Epoch: 7, Dev loss: 5.735352993011475, Bleu Score: 10.25574551873993
2023-12-21 03:45:35,341:INFO: -------- Save Best Model! --------
2023-12-21 03:54:03,489:INFO: Epoch: 8, loss: 5.405637741088867
2023-12-21 04:04:51,369:INFO: Epoch: 8, Dev loss: 5.6748504638671875, Bleu Score: 11.00669854699498
2023-12-21 04:04:51,826:INFO: -------- Save Best Model! --------
2023-12-21 04:13:19,868:INFO: Epoch: 9, loss: 5.283274173736572
2023-12-21 04:24:49,712:INFO: Epoch: 9, Dev loss: 5.63338041305542, Bleu Score: 11.608430264465282
2023-12-21 04:24:50,161:INFO: -------- Save Best Model! --------
2023-12-21 04:33:09,497:INFO: Epoch: 10, loss: 5.174294471740723
2023-12-21 04:44:51,069:INFO: Epoch: 10, Dev loss: 5.605686664581299, Bleu Score: 12.041073198608238
2023-12-21 04:44:51,553:INFO: -------- Save Best Model! --------
2023-12-21 04:53:15,836:INFO: Epoch: 11, loss: 5.081125259399414
2023-12-21 05:04:32,911:INFO: Epoch: 11, Dev loss: 5.581923484802246, Bleu Score: 12.310696944556323
2023-12-21 05:04:33,371:INFO: -------- Save Best Model! --------
2023-12-21 05:12:59,742:INFO: Epoch: 12, loss: 4.994730472564697
2023-12-21 05:24:14,177:INFO: Epoch: 12, Dev loss: 5.567619800567627, Bleu Score: 12.507056378156328
2023-12-21 05:24:14,643:INFO: -------- Save Best Model! --------
2023-12-21 05:32:28,996:INFO: Epoch: 13, loss: 4.914652347564697
2023-12-21 05:43:01,670:INFO: Epoch: 13, Dev loss: 5.567970275878906, Bleu Score: 12.63528239405778
2023-12-21 05:43:02,122:INFO: -------- Save Best Model! --------
2023-12-21 05:51:01,304:INFO: Epoch: 14, loss: 4.843722343444824
2023-12-21 06:01:32,968:INFO: Epoch: 14, Dev loss: 5.5660200119018555, Bleu Score: 12.84266557814673
2023-12-21 06:01:33,420:INFO: -------- Save Best Model! --------
2023-12-21 06:09:32,961:INFO: Epoch: 15, loss: 4.775623321533203
2023-12-21 06:19:48,372:INFO: Epoch: 15, Dev loss: 5.575507640838623, Bleu Score: 12.801098940578278
2023-12-21 06:19:48,372:INFO: Early Stop Left: 4
2023-12-21 06:27:46,810:INFO: Epoch: 16, loss: 4.713229656219482
2023-12-21 06:38:43,374:INFO: Epoch: 16, Dev loss: 5.559828758239746, Bleu Score: 13.256567403307635
2023-12-21 06:38:43,898:INFO: -------- Save Best Model! --------
2023-12-21 06:46:43,810:INFO: Epoch: 17, loss: 4.653110980987549
2023-12-21 06:57:44,651:INFO: Epoch: 17, Dev loss: 5.57680082321167, Bleu Score: 13.220411277028191
2023-12-21 06:57:44,652:INFO: Early Stop Left: 4
2023-12-21 07:05:41,594:INFO: Epoch: 18, loss: 4.598520278930664
2023-12-21 07:16:23,380:INFO: Epoch: 18, Dev loss: 5.583547115325928, Bleu Score: 13.174014453240963
2023-12-21 07:16:23,380:INFO: Early Stop Left: 3
2023-12-21 07:24:06,827:INFO: Epoch: 19, loss: 4.544055938720703
2023-12-21 07:34:32,105:INFO: Epoch: 19, Dev loss: 5.587157249450684, Bleu Score: 13.275690450057047
2023-12-21 07:34:32,564:INFO: -------- Save Best Model! --------
2023-12-21 07:42:29,351:INFO: Epoch: 20, loss: 4.491097450256348
2023-12-21 07:52:56,708:INFO: Epoch: 20, Dev loss: 5.590167999267578, Bleu Score: 13.475599347359692
2023-12-21 07:52:57,160:INFO: -------- Save Best Model! --------
2023-12-21 08:00:56,243:INFO: Epoch: 21, loss: 4.445194244384766
2023-12-21 08:11:38,990:INFO: Epoch: 21, Dev loss: 5.600625514984131, Bleu Score: 13.66895040553756
2023-12-21 08:11:39,442:INFO: -------- Save Best Model! --------
2023-12-21 08:19:39,813:INFO: Epoch: 22, loss: 4.396418571472168
2023-12-21 08:30:08,439:INFO: Epoch: 22, Dev loss: 5.6114888191223145, Bleu Score: 13.74567980760279
2023-12-21 08:30:08,884:INFO: -------- Save Best Model! --------
2023-12-21 08:38:09,311:INFO: Epoch: 23, loss: 4.357191562652588
2023-12-21 08:49:06,687:INFO: Epoch: 23, Dev loss: 5.632208347320557, Bleu Score: 13.528802618650523
2023-12-21 08:49:06,687:INFO: Early Stop Left: 4
2023-12-21 08:58:23,623:INFO: Epoch: 24, loss: 4.313740253448486
2023-12-21 09:10:04,509:INFO: Epoch: 24, Dev loss: 5.639354705810547, Bleu Score: 13.773953756753057
2023-12-21 09:10:05,046:INFO: -------- Save Best Model! --------
2023-12-21 09:18:08,674:INFO: Epoch: 25, loss: 4.274467945098877
2023-12-21 09:28:54,329:INFO: Epoch: 25, Dev loss: 5.643991470336914, Bleu Score: 13.765751741186444
2023-12-21 09:28:54,330:INFO: Early Stop Left: 4
2023-12-21 09:37:04,676:INFO: Epoch: 26, loss: 4.240938663482666
2023-12-21 09:49:58,823:INFO: Epoch: 26, Dev loss: 5.653144836425781, Bleu Score: 13.645688958598443
2023-12-21 09:49:58,824:INFO: Early Stop Left: 3
2023-12-21 10:00:20,693:INFO: Epoch: 27, loss: 4.199962615966797
2023-12-21 10:12:31,075:INFO: Epoch: 27, Dev loss: 5.673555374145508, Bleu Score: 13.806959972299573
2023-12-21 10:12:31,524:INFO: -------- Save Best Model! --------
2023-12-21 10:21:03,808:INFO: Epoch: 28, loss: 4.164885520935059
2023-12-21 10:31:49,171:INFO: Epoch: 28, Dev loss: 5.694430828094482, Bleu Score: 13.804484457204708
2023-12-21 10:31:49,172:INFO: Early Stop Left: 4
2023-12-21 10:39:57,875:INFO: Epoch: 29, loss: 4.130570888519287
2023-12-21 10:50:55,478:INFO: Epoch: 29, Dev loss: 5.700789928436279, Bleu Score: 14.153453153523305
2023-12-21 10:50:55,919:INFO: -------- Save Best Model! --------
2023-12-21 10:59:06,550:INFO: Epoch: 30, loss: 4.104145050048828
2023-12-21 11:09:43,732:INFO: Epoch: 30, Dev loss: 5.701324939727783, Bleu Score: 13.977397779325713
2023-12-21 11:09:43,733:INFO: Early Stop Left: 4
2023-12-21 11:17:44,808:INFO: Epoch: 31, loss: 4.065170764923096
2023-12-21 11:28:17,759:INFO: Epoch: 31, Dev loss: 5.727172374725342, Bleu Score: 14.030434133336424
2023-12-21 11:28:17,759:INFO: Early Stop Left: 3
2023-12-21 11:36:20,083:INFO: Epoch: 32, loss: 4.039859771728516
2023-12-21 11:47:27,922:INFO: Epoch: 32, Dev loss: 5.724385738372803, Bleu Score: 14.110994205593952
2023-12-21 11:47:27,922:INFO: Early Stop Left: 2
2023-12-21 11:55:57,765:INFO: Epoch: 33, loss: 4.008447647094727
2023-12-21 12:07:09,603:INFO: Epoch: 33, Dev loss: 5.742021083831787, Bleu Score: 13.998282684385503
2023-12-21 12:07:09,603:INFO: Early Stop Left: 1
2023-12-21 12:15:40,185:INFO: Epoch: 34, loss: 3.978121042251587
2023-12-21 12:26:38,820:INFO: Epoch: 34, Dev loss: 5.738387584686279, Bleu Score: 13.995509018531058
2023-12-21 12:26:38,821:INFO: Early Stop Left: 0
2023-12-21 12:26:38,821:INFO: -------- Early Stop! --------
2023-12-21 12:35:44,965:INFO: Test loss: 5.733303070068359,  Bleu Score: 13.876921468127563
